[0322/004711.323:ERROR:process_memory_win.cc(73)] ReadMemory at 0x7ff736dc0000 of 64 bytes failed: Only part of a ReadProcessMemory or WriteProcessMemory request was completed. (0x12B)
[0322/004711.454:WARNING:pe_image_reader.cc(340)] could not read dos header from C:\Program Files (x86)\Google\Chrome\Application\chrome.exe
[0322/004711.454:ERROR:process_memory_win.cc(73)] ReadMemory at 0x7ffe1d1c0000 of 64 bytes failed: Only part of a ReadProcessMemory or WriteProcessMemory request was completed. (0x12B)
[0322/004711.454:WARNING:pe_image_reader.cc(340)] could not read dos header from C:\WINDOWS\SYSTEM32\ntdll.dll
[0322/004711.454:ERROR:process_memory_win.cc(73)] ReadMemory at 0x7ffe1cc00000 of 64 bytes failed: Only part of a ReadProcessMemory or WriteProcessMemory request was completed. (0x12B)
[0322/004711.454:WARNING:pe_image_reader.cc(340)] could not read dos header from C:\WINDOWS\System32\KERNEL32.DLL
[0322/004711.454:ERROR:process_memory_win.cc(73)] ReadMemory at 0x7ffe1ad70000 of 64 bytes failed: Only part of a ReadProcessMemory or WriteProcessMemory request was completed. (0x12B)
[0322/004711.454:WARNING:pe_image_reader.cc(340)] could not read dos header from C:\WINDOWS\System32\KERNELBASE.dll
[0322/004711.454:ERROR:process_memory_win.cc(73)] ReadMemory at 0x7ffde3430000 of 64 bytes failed: Only part of a ReadProcessMemory or WriteProcessMemory request was completed. (0x12B)
[0322/004711.454:WARNING:pe_image_reader.cc(340)] could not read dos header from C:\Program Files (x86)\Google\Chrome\Application\80.0.3987.149\chrome_elf.dll
[0322/004711.454:ERROR:process_memory_win.cc(73)] ReadMemory at 0x7ffe15560000 of 64 bytes failed: Only part of a ReadProcessMemory or WriteProcessMemory request was completed. (0x12B)
[0322/004711.454:WARNING:pe_image_reader.cc(340)] could not read dos header from C:\WINDOWS\SYSTEM32\VERSION.dll
[0322/004711.454:ERROR:process_memory_win.cc(73)] ReadMemory at 0x7ffe1cdf0000 of 64 bytes failed: Only part of a ReadProcessMemory or WriteProcessMemory request was completed. (0x12B)
[0322/004711.454:WARNING:pe_image_reader.cc(340)] could not read dos header from C:\WINDOWS\System32\msvcrt.dll
[0322/004711.454:ERROR:process_memory_win.cc(73)] ReadMemory at 0x7ffe1a150000 of 64 bytes failed: Only part of a ReadProcessMemory or WriteProcessMemory request was completed. (0x12B)
[0322/004711.454:WARNING:pe_image_reader.cc(340)] could not read dos header from C:\WINDOWS\System32\bcryptPrimitives.dll
[0322/004711.454:ERROR:process_memory_win.cc(73)] ReadMemory at 0x7ffe1c630000 of 64 bytes failed: Only part of a ReadProcessMemory or WriteProcessMemory request was completed. (0x12B)
[0322/004711.454:WARNING:pe_image_reader.cc(340)] could not read dos header from C:\WINDOWS\System32\ADVAPI32.dll
[0322/004711.454:ERROR:process_memory_win.cc(73)] ReadMemory at 0x7ffe1cb00000 of 64 bytes failed: Only part of a ReadProcessMemory or WriteProcessMemory request was completed. (0x12B)
[0322/004711.454:WARNING:pe_image_reader.cc(340)] could not read dos header from C:\WINDOWS\System32\sechost.dll
[0322/004711.454:ERROR:process_memory_win.cc(73)] ReadMemory at 0x7ffe1c510000 of 64 bytes failed: Only part of a ReadProcessMemory or WriteProcessMemory request was completed. (0x12B)
[0322/004711.454:WARNING:pe_image_reader.cc(340)] could not read dos header from C:\WINDOWS\System32\RPCRT4.dll
[0322/004711.454:ERROR:process_memory_win.cc(73)] ReadMemory at 0x7ffda1f40000 of 64 bytes failed: Only part of a ReadProcessMemory or WriteProcessMemory request was completed. (0x12B)
[0322/004711.454:WARNING:pe_image_reader.cc(340)] could not read dos header from C:\Program Files (x86)\Google\Chrome\Application\80.0.3987.149\chrome.dll
[0322/004711.454:ERROR:process_memory_win.cc(73)] ReadMemory at 0x7ffe1c6f0000 of 64 bytes failed: Only part of a ReadProcessMemory or WriteProcessMemory request was completed. (0x12B)
[0322/004711.454:WARNING:pe_image_reader.cc(340)] could not read dos header from C:\WINDOWS\System32\WS2_32.dll
[0322/004711.454:ERROR:process_memory_win.cc(73)] ReadMemory at 0x7ffe1c9d0000 of 64 bytes failed: Only part of a ReadProcessMemory or WriteProcessMemory request was completed. (0x12B)
[0322/004711.454:WARNING:pe_image_reader.cc(340)] could not read dos header from C:\WINDOWS\System32\OLEAUT32.dll
[0322/004711.454:ERROR:process_memory_win.cc(73)] ReadMemory at 0x7ffe1b1a0000 of 64 bytes failed: Only part of a ReadProcessMemory or WriteProcessMemory request was completed. (0x12B)
[0322/004711.454:WARNING:pe_image_reader.cc(340)] could not read dos header from C:\WINDOWS\System32\msvcp_win.dll
[0322/004711.454:ERROR:process_memory_win.cc(73)] ReadMemory at 0x7ffe1a440000 of 64 bytes failed: Only part of a ReadProcessMemory or WriteProcessMemory request was completed. (0x12B)
[0322/004711.454:WARNING:pe_image_reader.cc(340)] could not read dos header from C:\WINDOWS\System32\ucrtbase.dll
[0322/004711.454:ERROR:process_memory_win.cc(73)] ReadMemory at 0x7ffe1b270000 of 64 bytes failed: Only part of a ReadProcessMemory or WriteProcessMemory request was completed. (0x12B)
[0322/004711.454:WARNING:pe_image_reader.cc(340)] could not read dos header from C:\WINDOWS\System32\combase.dll
[0322/004711.454:ERROR:process_memory_win.cc(73)] ReadMemory at 0x7ffe1ad10000 of 64 bytes failed: Only part of a ReadProcessMemory or WriteProcessMemory request was completed. (0x12B)
[0322/004711.454:WARNING:pe_image_reader.cc(340)] could not read dos header from C:\WINDOWS\System32\WINTRUST.dll
[0322/004711.454:ERROR:process_memory_win.cc(73)] ReadMemory at 0x7ffe1a090000 of 64 bytes failed: Only part of a ReadProcessMemory or WriteProcessMemory request was completed. (0x12B)
[0322/004711.454:WARNING:pe_image_reader.cc(340)] could not read dos header from C:\WINDOWS\System32\MSASN1.dll
[0322/004711.454:ERROR:process_memory_win.cc(73)] ReadMemory at 0x7ffe1b050000 of 64 bytes failed: Only part of a ReadProcessMemory or WriteProcessMemory request was completed. (0x12B)
[0322/004711.454:WARNING:pe_image_reader.cc(340)] could not read dos header from C:\WINDOWS\System32\CRYPT32.dll
[0322/004711.454:ERROR:process_memory_win.cc(73)] ReadMemory at 0x7ffe195a0000 of 64 bytes failed: Only part of a ReadProcessMemory or WriteProcessMemory request was completed. (0x12B)
[0322/004711.454:WARNING:pe_image_reader.cc(340)] could not read dos header from C:\WINDOWS\SYSTEM32\IPHLPAPI.DLL
[0322/004711.454:ERROR:process_memory_win.cc(73)] ReadMemory at 0x7ffe17ff0000 of 64 bytes failed: Only part of a ReadProcessMemory or WriteProcessMemory request was completed. (0x12B)
[0322/004711.454:WARNING:pe_image_reader.cc(340)] could not read dos header from C:\WINDOWS\SYSTEM32\WINMM.dll
[0322/004711.454:ERROR:process_memory_win.cc(73)] ReadMemory at 0x7ffe04df0000 of 64 bytes failed: Only part of a ReadProcessMemory or WriteProcessMemory request was completed. (0x12B)
[0322/004711.454:WARNING:pe_image_reader.cc(340)] could not read dos header from C:\WINDOWS\SYSTEM32\Secur32.dll
[0322/004711.454:ERROR:process_memory_win.cc(73)] ReadMemory at 0x7ffe19f70000 of 64 bytes failed: Only part of a ReadProcessMemory or WriteProcessMemory request was completed. (0x12B)
[0322/004711.454:WARNING:pe_image_reader.cc(340)] could not read dos header from C:\WINDOWS\SYSTEM32\USERENV.dll
[0322/004711.454:ERROR:process_memory_win.cc(73)] ReadMemory at 0x7ffe1a100000 of 64 bytes failed: Only part of a ReadProcessMemory or WriteProcessMemory request was completed. (0x12B)
[0322/004711.454:WARNING:pe_image_reader.cc(340)] could not read dos header from C:\WINDOWS\System32\profapi.dll
[0322/004711.454:ERROR:process_memory_win.cc(73)] ReadMemory at 0x7ffdf2490000 of 64 bytes failed: Only part of a ReadProcessMemory or WriteProcessMemory request was completed. (0x12B)
[0322/004711.454:WARNING:pe_image_reader.cc(340)] could not read dos header from C:\WINDOWS\SYSTEM32\UIAutomationCore.DLL
[0322/004711.454:ERROR:process_memory_win.cc(73)] ReadMemory at 0x7ffe0e920000 of 64 bytes failed: Only part of a ReadProcessMemory or WriteProcessMemory request was completed. (0x12B)
[0322/004711.454:WARNING:pe_image_reader.cc(340)] could not read dos header from C:\WINDOWS\SYSTEM32\DWrite.dll
[0322/004711.454:ERROR:process_memory_win.cc(73)] ReadMemory at 0x7ffe10190000 of 64 bytes failed: Only part of a ReadProcessMemory or WriteProcessMemory request was completed. (0x12B)
[0322/004711.454:WARNING:pe_image_reader.cc(340)] could not read dos header from C:\WINDOWS\SYSTEM32\WINSPOOL.DRV
[0322/004711.454:ERROR:process_memory_win.cc(73)] ReadMemory at 0x7ffe1a130000 of 64 bytes failed: Only part of a ReadProcessMemory or WriteProcessMemory request was completed. (0x12B)
[0322/004711.454:WARNING:pe_image_reader.cc(340)] could not read dos header from C:\WINDOWS\System32\kernel.appcore.dll
[0322/004711.454:ERROR:process_memory_win.cc(73)] ReadMemory at 0x7ffe1b020000 of 64 bytes failed: Only part of a ReadProcessMemory or WriteProcessMemory request was completed. (0x12B)
[0322/004711.454:WARNING:pe_image_reader.cc(340)] could not read dos header from C:\WINDOWS\System32\bcrypt.dll
[0322/004711.454:ERROR:process_memory_win.cc(73)] ReadMemory at 0x7ffe084b0000 of 64 bytes failed: Only part of a ReadProcessMemory or WriteProcessMemory request was completed. (0x12B)
[0322/004711.454:WARNING:pe_image_reader.cc(340)] could not read dos header from C:\WINDOWS\SYSTEM32\dbghelp.dll
[0322/004711.454:ERROR:process_memory_win.cc(73)] ReadMemory at 0x7ffe14e30000 of 64 bytes failed: Only part of a ReadProcessMemory or WriteProcessMemory request was completed. (0x12B)
[0322/004711.454:WARNING:pe_image_reader.cc(340)] could not read dos header from C:\WINDOWS\SYSTEM32\WINHTTP.dll
[0322/004711.454:ERROR:process_memory_win.cc(73)] ReadMemory at 0x7ffe14250000 of 64 bytes failed: Only part of a ReadProcessMemory or WriteProcessMemory request was completed. (0x12B)
[0322/004711.454:WARNING:pe_image_reader.cc(340)] could not read dos header from C:\WINDOWS\SYSTEM32\dhcpcsvc.DLL
[0322/004711.454:ERROR:process_memory_win.cc(73)] ReadMemory at 0x7ffe1c3a0000 of 64 bytes failed: Only part of a ReadProcessMemory or WriteProcessMemory request was completed. (0x12B)
[0322/004711.454:WARNING:pe_image_reader.cc(340)] could not read dos header from C:\WINDOWS\System32\NSI.dll
[0322/004711.454:ERROR:process_memory_win.cc(73)] ReadMemory at 0x7ffe17fc0000 of 64 bytes failed: Only part of a ReadProcessMemory or WriteProcessMemory request was completed. (0x12B)
[0322/004711.454:WARNING:pe_image_reader.cc(340)] could not read dos header from C:\WINDOWS\SYSTEM32\WINMMBASE.dll
[0322/004711.454:ERROR:process_memory_win.cc(73)] ReadMemory at 0x7ffe1acc0000 of 64 bytes failed: Only part of a ReadProcessMemory or WriteProcessMemory request was completed. (0x12B)
[0322/004711.454:WARNING:pe_image_reader.cc(340)] could not read dos header from C:\WINDOWS\System32\cfgmgr32.dll
[0322/004711.454:ERROR:process_memory_win.cc(73)] ReadMemory at 0x7ffe17440000 of 64 bytes failed: Only part of a ReadProcessMemory or WriteProcessMemory request was completed. (0x12B)
[0322/004711.454:WARNING:pe_image_reader.cc(340)] could not read dos header from C:\WINDOWS\SYSTEM32\PROPSYS.dll
[0322/004711.454:ERROR:process_memory_win.cc(73)] ReadMemory at 0x27c75d00000 of 64 bytes failed: Only part of a ReadProcessMemory or WriteProcessMemory request was completed. (0x12B)
[0322/004711.454:WARNING:pe_image_reader.cc(340)] could not read dos header from C:\WINDOWS\System32\shcore.dll
[0322/004711.454:ERROR:process_memory_win.cc(73)] ReadMemory at 0x7ffe19fa0000 of 64 bytes failed: Only part of a ReadProcessMemory or WriteProcessMemory request was completed. (0x12B)
[0322/004711.454:WARNING:pe_image_reader.cc(340)] could not read dos header from C:\WINDOWS\SYSTEM32\SSPICLI.DLL
[0322/004711.454:ERROR:process_memory_win.cc(73)] ReadMemory at 0x7ffe19a60000 of 64 bytes failed: Only part of a ReadProcessMemory or WriteProcessMemory request was completed. (0x12B)
[0322/004711.454:WARNING:pe_image_reader.cc(340)] could not read dos header from C:\WINDOWS\SYSTEM32\CRYPTBASE.DLL
[0322/004711.454:ERROR:process_memory_win.cc(73)] ReadMemory at 0x7ff736dc0000 of 64 bytes failed: Only part of a ReadProcessMemory or WriteProcessMemory request was completed. (0x12B)
[0322/004711.454:WARNING:pe_image_reader.cc(340)] could not read dos header from C:\Program Files (x86)\Google\Chrome\Application\chrome.exe
[0322/004711.454:ERROR:process_memory_win.cc(73)] ReadMemory at 0x7ffe1d1c0000 of 64 bytes failed: Only part of a ReadProcessMemory or WriteProcessMemory request was completed. (0x12B)
[0322/004711.454:WARNING:pe_image_reader.cc(340)] could not read dos header from C:\WINDOWS\SYSTEM32\ntdll.dll
[0322/004711.454:ERROR:process_memory_win.cc(73)] ReadMemory at 0x7ffe1cc00000 of 64 bytes failed: Only part of a ReadProcessMemory or WriteProcessMemory request was completed. (0x12B)
[0322/004711.454:WARNING:pe_image_reader.cc(340)] could not read dos header from C:\WINDOWS\System32\KERNEL32.DLL
[0322/004711.454:ERROR:process_memory_win.cc(73)] ReadMemory at 0x7ffe1ad70000 of 64 bytes failed: Only part of a ReadProcessMemory or WriteProcessMemory request was completed. (0x12B)
[0322/004711.454:WARNING:pe_image_reader.cc(340)] could not read dos header from C:\WINDOWS\System32\KERNELBASE.dll
[0322/004711.454:ERROR:process_memory_win.cc(73)] ReadMemory at 0x7ffde3430000 of 64 bytes failed: Only part of a ReadProcessMemory or WriteProcessMemory request was completed. (0x12B)
[0322/004711.454:WARNING:pe_image_reader.cc(340)] could not read dos header from C:\Program Files (x86)\Google\Chrome\Application\80.0.3987.149\chrome_elf.dll
[0322/004711.454:ERROR:process_memory_win.cc(73)] ReadMemory at 0x7ffe15560000 of 64 bytes failed: Only part of a ReadProcessMemory or WriteProcessMemory request was completed. (0x12B)
[0322/004711.454:WARNING:pe_image_reader.cc(340)] could not read dos header from C:\WINDOWS\SYSTEM32\VERSION.dll
[0322/004711.454:ERROR:process_memory_win.cc(73)] ReadMemory at 0x7ffe1cdf0000 of 64 bytes failed: Only part of a ReadProcessMemory or WriteProcessMemory request was completed. (0x12B)
[0322/004711.454:WARNING:pe_image_reader.cc(340)] could not read dos header from C:\WINDOWS\System32\msvcrt.dll
[0322/004711.454:ERROR:process_memory_win.cc(73)] ReadMemory at 0x7ffe1a150000 of 64 bytes failed: Only part of a ReadProcessMemory or WriteProcessMemory request was completed. (0x12B)
[0322/004711.454:WARNING:pe_image_reader.cc(340)] could not read dos header from C:\WINDOWS\System32\bcryptPrimitives.dll
[0322/004711.454:ERROR:process_memory_win.cc(73)] ReadMemory at 0x7ffe1c630000 of 64 bytes failed: Only part of a ReadProcessMemory or WriteProcessMemory request was completed. (0x12B)
[0322/004711.454:WARNING:pe_image_reader.cc(340)] could not read dos header from C:\WINDOWS\System32\ADVAPI32.dll
[0322/004711.454:ERROR:process_memory_win.cc(73)] ReadMemory at 0x7ffe1cb00000 of 64 bytes failed: Only part of a ReadProcessMemory or WriteProcessMemory request was completed. (0x12B)
[0322/004711.454:WARNING:pe_image_reader.cc(340)] could not read dos header from C:\WINDOWS\System32\sechost.dll
[0322/004711.454:ERROR:process_memory_win.cc(73)] ReadMemory at 0x7ffe1c510000 of 64 bytes failed: Only part of a ReadProcessMemory or WriteProcessMemory request was completed. (0x12B)
[0322/004711.454:WARNING:pe_image_reader.cc(340)] could not read dos header from C:\WINDOWS\System32\RPCRT4.dll
[0322/004711.454:ERROR:process_memory_win.cc(73)] ReadMemory at 0x7ffda1f40000 of 64 bytes failed: Only part of a ReadProcessMemory or WriteProcessMemory request was completed. (0x12B)
[0322/004711.454:WARNING:pe_image_reader.cc(340)] could not read dos header from C:\Program Files (x86)\Google\Chrome\Application\80.0.3987.149\chrome.dll
[0322/004711.454:ERROR:process_memory_win.cc(73)] ReadMemory at 0x7ffe1c6f0000 of 64 bytes failed: Only part of a ReadProcessMemory or WriteProcessMemory request was completed. (0x12B)
[0322/004711.454:WARNING:pe_image_reader.cc(340)] could not read dos header from C:\WINDOWS\System32\WS2_32.dll
[0322/004711.454:ERROR:process_memory_win.cc(73)] ReadMemory at 0x7ffe1c9d0000 of 64 bytes failed: Only part of a ReadProcessMemory or WriteProcessMemory request was completed. (0x12B)
[0322/004711.454:WARNING:pe_image_reader.cc(340)] could not read dos header from C:\WINDOWS\System32\OLEAUT32.dll
[0322/004711.454:ERROR:process_memory_win.cc(73)] ReadMemory at 0x7ffe1b1a0000 of 64 bytes failed: Only part of a ReadProcessMemory or WriteProcessMemory request was completed. (0x12B)
[0322/004711.454:WARNING:pe_image_reader.cc(340)] could not read dos header from C:\WINDOWS\System32\msvcp_win.dll
[0322/004711.454:ERROR:process_memory_win.cc(73)] ReadMemory at 0x7ffe1a440000 of 64 bytes failed: Only part of a ReadProcessMemory or WriteProcessMemory request was completed. (0x12B)
[0322/004711.454:WARNING:pe_image_reader.cc(340)] could not read dos header from C:\WINDOWS\System32\ucrtbase.dll
[0322/004711.454:ERROR:process_memory_win.cc(73)] ReadMemory at 0x7ffe1b270000 of 64 bytes failed: Only part of a ReadProcessMemory or WriteProcessMemory request was completed. (0x12B)
[0322/004711.454:WARNING:pe_image_reader.cc(340)] could not read dos header from C:\WINDOWS\System32\combase.dll
[0322/004711.454:ERROR:process_memory_win.cc(73)] ReadMemory at 0x7ffe1ad10000 of 64 bytes failed: Only part of a ReadProcessMemory or WriteProcessMemory request was completed. (0x12B)
[0322/004711.454:WARNING:pe_image_reader.cc(340)] could not read dos header from C:\WINDOWS\System32\WINTRUST.dll
[0322/004711.454:ERROR:process_memory_win.cc(73)] ReadMemory at 0x7ffe1a090000 of 64 bytes failed: Only part of a ReadProcessMemory or WriteProcessMemory request was completed. (0x12B)
[0322/004711.454:WARNING:pe_image_reader.cc(340)] could not read dos header from C:\WINDOWS\System32\MSASN1.dll
[0322/004711.454:ERROR:process_memory_win.cc(73)] ReadMemory at 0x7ffe1b050000 of 64 bytes failed: Only part of a ReadProcessMemory or WriteProcessMemory request was completed. (0x12B)
[0322/004711.454:WARNING:pe_image_reader.cc(340)] could not read dos header from C:\WINDOWS\System32\CRYPT32.dll
[0322/004711.454:ERROR:process_memory_win.cc(73)] ReadMemory at 0x7ffe195a0000 of 64 bytes failed: Only part of a ReadProcessMemory or WriteProcessMemory request was completed. (0x12B)
[0322/004711.454:WARNING:pe_image_reader.cc(340)] could not read dos header from C:\WINDOWS\SYSTEM32\IPHLPAPI.DLL
[0322/004711.454:ERROR:process_memory_win.cc(73)] ReadMemory at 0x7ffe17ff0000 of 64 bytes failed: Only part of a ReadProcessMemory or WriteProcessMemory request was completed. (0x12B)
[0322/004711.454:WARNING:pe_image_reader.cc(340)] could not read dos header from C:\WINDOWS\SYSTEM32\WINMM.dll
[0322/004711.454:ERROR:process_memory_win.cc(73)] ReadMemory at 0x7ffe04df0000 of 64 bytes failed: Only part of a ReadProcessMemory or WriteProcessMemory request was completed. (0x12B)
[0322/004711.454:WARNING:pe_image_reader.cc(340)] could not read dos header from C:\WINDOWS\SYSTEM32\Secur32.dll
[0322/004711.454:ERROR:process_memory_win.cc(73)] ReadMemory at 0x7ffe19f70000 of 64 bytes failed: Only part of a ReadProcessMemory or WriteProcessMemory request was completed. (0x12B)
[0322/004711.454:WARNING:pe_image_reader.cc(340)] could not read dos header from C:\WINDOWS\SYSTEM32\USERENV.dll
[0322/004711.454:ERROR:process_memory_win.cc(73)] ReadMemory at 0x7ffe1a100000 of 64 bytes failed: Only part of a ReadProcessMemory or WriteProcessMemory request was completed. (0x12B)
[0322/004711.454:WARNING:pe_image_reader.cc(340)] could not read dos header from C:\WINDOWS\System32\profapi.dll
[0322/004711.454:ERROR:process_memory_win.cc(73)] ReadMemory at 0x7ffdf2490000 of 64 bytes failed: Only part of a ReadProcessMemory or WriteProcessMemory request was completed. (0x12B)
[0322/004711.454:WARNING:pe_image_reader.cc(340)] could not read dos header from C:\WINDOWS\SYSTEM32\UIAutomationCore.DLL
[0322/004711.454:ERROR:process_memory_win.cc(73)] ReadMemory at 0x7ffe0e920000 of 64 bytes failed: Only part of a ReadProcessMemory or WriteProcessMemory request was completed. (0x12B)
[0322/004711.454:WARNING:pe_image_reader.cc(340)] could not read dos header from C:\WINDOWS\SYSTEM32\DWrite.dll
[0322/004711.454:ERROR:process_memory_win.cc(73)] ReadMemory at 0x7ffe10190000 of 64 bytes failed: Only part of a ReadProcessMemory or WriteProcessMemory request was completed. (0x12B)
[0322/004711.454:WARNING:pe_image_reader.cc(340)] could not read dos header from C:\WINDOWS\SYSTEM32\WINSPOOL.DRV
[0322/004711.454:ERROR:process_memory_win.cc(73)] ReadMemory at 0x7ffe1a130000 of 64 bytes failed: Only part of a ReadProcessMemory or WriteProcessMemory request was completed. (0x12B)
[0322/004711.454:WARNING:pe_image_reader.cc(340)] could not read dos header from C:\WINDOWS\System32\kernel.appcore.dll
[0322/004711.454:ERROR:process_memory_win.cc(73)] ReadMemory at 0x7ffe1b020000 of 64 bytes failed: Only part of a ReadProcessMemory or WriteProcessMemory request was completed. (0x12B)
[0322/004711.454:WARNING:pe_image_reader.cc(340)] could not read dos header from C:\WINDOWS\System32\bcrypt.dll
[0322/004711.454:ERROR:process_memory_win.cc(73)] ReadMemory at 0x7ffe084b0000 of 64 bytes failed: Only part of a ReadProcessMemory or WriteProcessMemory request was completed. (0x12B)
[0322/004711.454:WARNING:pe_image_reader.cc(340)] could not read dos header from C:\WINDOWS\SYSTEM32\dbghelp.dll
[0322/004711.454:ERROR:process_memory_win.cc(73)] ReadMemory at 0x7ffe14e30000 of 64 bytes failed: Only part of a ReadProcessMemory or WriteProcessMemory request was completed. (0x12B)
[0322/004711.454:WARNING:pe_image_reader.cc(340)] could not read dos header from C:\WINDOWS\SYSTEM32\WINHTTP.dll
[0322/004711.454:ERROR:process_memory_win.cc(73)] ReadMemory at 0x7ffe14250000 of 64 bytes failed: Only part of a ReadProcessMemory or WriteProcessMemory request was completed. (0x12B)
[0322/004711.454:WARNING:pe_image_reader.cc(340)] could not read dos header from C:\WINDOWS\SYSTEM32\dhcpcsvc.DLL
[0322/004711.454:ERROR:process_memory_win.cc(73)] ReadMemory at 0x7ffe1c3a0000 of 64 bytes failed: Only part of a ReadProcessMemory or WriteProcessMemory request was completed. (0x12B)
[0322/004711.454:WARNING:pe_image_reader.cc(340)] could not read dos header from C:\WINDOWS\System32\NSI.dll
[0322/004711.454:ERROR:process_memory_win.cc(73)] ReadMemory at 0x7ffe17fc0000 of 64 bytes failed: Only part of a ReadProcessMemory or WriteProcessMemory request was completed. (0x12B)
[0322/004711.454:WARNING:pe_image_reader.cc(340)] could not read dos header from C:\WINDOWS\SYSTEM32\WINMMBASE.dll
[0322/004711.454:ERROR:process_memory_win.cc(73)] ReadMemory at 0x7ffe1acc0000 of 64 bytes failed: Only part of a ReadProcessMemory or WriteProcessMemory request was completed. (0x12B)
[0322/004711.454:WARNING:pe_image_reader.cc(340)] could not read dos header from C:\WINDOWS\System32\cfgmgr32.dll
[0322/004711.454:ERROR:process_memory_win.cc(73)] ReadMemory at 0x7ffe17440000 of 64 bytes failed: Only part of a ReadProcessMemory or WriteProcessMemory request was completed. (0x12B)
[0322/004711.454:WARNING:pe_image_reader.cc(340)] could not read dos header from C:\WINDOWS\SYSTEM32\PROPSYS.dll
[0322/004711.454:ERROR:process_memory_win.cc(73)] ReadMemory at 0x27c75d00000 of 64 bytes failed: Only part of a ReadProcessMemory or WriteProcessMemory request was completed. (0x12B)
[0322/004711.454:WARNING:pe_image_reader.cc(340)] could not read dos header from C:\WINDOWS\System32\shcore.dll
[0322/004711.454:ERROR:process_memory_win.cc(73)] ReadMemory at 0x7ffe19fa0000 of 64 bytes failed: Only part of a ReadProcessMemory or WriteProcessMemory request was completed. (0x12B)
[0322/004711.454:WARNING:pe_image_reader.cc(340)] could not read dos header from C:\WINDOWS\SYSTEM32\SSPICLI.DLL
[0322/004711.454:ERROR:process_memory_win.cc(73)] ReadMemory at 0x7ffe19a60000 of 64 bytes failed: Only part of a ReadProcessMemory or WriteProcessMemory request was completed. (0x12B)
[0322/004711.454:WARNING:pe_image_reader.cc(340)] could not read dos header from C:\WINDOWS\SYSTEM32\CRYPTBASE.DLL
[0322/004711.485:ERROR:process_memory_win.cc(73)] ReadMemory at 0xd93bff3000 of 53248 bytes failed: Only part of a ReadProcessMemory or WriteProcessMemory request was completed. (0x12B)
[0322/004711.532:ERROR:process_memory_win.cc(73)] ReadMemory at 0xd93c7fd000 of 12288 bytes failed: Only part of a ReadProcessMemory or WriteProcessMemory request was completed. (0x12B)
[0322/004711.532:ERROR:process_memory_win.cc(73)] ReadMemory at 0xd93d7fc000 of 16384 bytes failed: Only part of a ReadProcessMemory or WriteProcessMemory request was completed. (0x12B)
[0322/004711.532:ERROR:process_memory_win.cc(73)] ReadMemory at 0xd93dffc000 of 16384 bytes failed: Only part of a ReadProcessMemory or WriteProcessMemory request was completed. (0x12B)
[0322/004711.532:ERROR:process_memory_win.cc(73)] ReadMemory at 0xd93e7fe000 of 8192 bytes failed: Only part of a ReadProcessMemory or WriteProcessMemory request was completed. (0x12B)
[0322/004711.532:ERROR:process_memory_win.cc(73)] ReadMemory at 0xd93effd000 of 12288 bytes failed: Only part of a ReadProcessMemory or WriteProcessMemory request was completed. (0x12B)
[0322/004711.532:ERROR:process_memory_win.cc(73)] ReadMemory at 0xd93f7fb000 of 20480 bytes failed: Only part of a ReadProcessMemory or WriteProcessMemory request was completed. (0x12B)
[0322/004711.532:ERROR:process_memory_win.cc(73)] ReadMemory at 0xd9407fd000 of 12288 bytes failed: Only part of a ReadProcessMemory or WriteProcessMemory request was completed. (0x12B)
[0322/004711.532:ERROR:process_memory_win.cc(73)] ReadMemory at 0xd940ff6000 of 40960 bytes failed: Only part of a ReadProcessMemory or WriteProcessMemory request was completed. (0x12B)
[0322/004711.532:ERROR:process_memory_win.cc(73)] ReadMemory at 0xd9417f6000 of 40960 bytes failed: Only part of a ReadProcessMemory or WriteProcessMemory request was completed. (0x12B)
[0322/004711.532:ERROR:process_memory_win.cc(73)] ReadMemory at 0xd941ffd000 of 12288 bytes failed: Only part of a ReadProcessMemory or WriteProcessMemory request was completed. (0x12B)
[0322/004711.532:ERROR:process_memory_win.cc(73)] ReadMemory at 0xd942ffd000 of 12288 bytes failed: Only part of a ReadProcessMemory or WriteProcessMemory request was completed. (0x12B)
[0322/004711.532:ERROR:process_memory_win.cc(73)] ReadMemory at 0xd93fff6000 of 40960 bytes failed: Only part of a ReadProcessMemory or WriteProcessMemory request was completed. (0x12B)
[0322/004711.532:ERROR:process_memory_win.cc(73)] ReadMemory at 0xd93cff6000 of 40960 bytes failed: Only part of a ReadProcessMemory or WriteProcessMemory request was completed. (0x12B)
[0322/004711.532:ERROR:process_memory_win.cc(73)] ReadMemory at 0xd9427fc000 of 16384 bytes failed: Only part of a ReadProcessMemory or WriteProcessMemory request was completed. (0x12B)
[0322/004711.532:ERROR:process_memory_win.cc(73)] ReadMemory at 0xd9437ff000 of 4096 bytes failed: Only part of a ReadProcessMemory or WriteProcessMemory request was completed. (0x12B)
[0322/004711.532:ERROR:process_memory_win.cc(73)] ReadMemory at 0xd93b77a000 of 852 bytes failed: Only part of a ReadProcessMemory or WriteProcessMemory request was completed. (0x12B)
[0322/004711.532:ERROR:process_memory_win.cc(73)] ReadMemory at 0xd93b77b000 of 6024 bytes failed: Only part of a ReadProcessMemory or WriteProcessMemory request was completed. (0x12B)
[0322/004711.532:ERROR:process_memory_win.cc(73)] ReadMemory at 0xd93b77d000 of 6024 bytes failed: Only part of a ReadProcessMemory or WriteProcessMemory request was completed. (0x12B)
[0322/004711.532:ERROR:process_memory_win.cc(73)] ReadMemory at 0xd93b781000 of 6024 bytes failed: Only part of a ReadProcessMemory or WriteProcessMemory request was completed. (0x12B)
[0322/004711.532:ERROR:process_memory_win.cc(73)] ReadMemory at 0xd93b783000 of 6024 bytes failed: Only part of a ReadProcessMemory or WriteProcessMemory request was completed. (0x12B)
[0322/004711.532:ERROR:process_memory_win.cc(73)] ReadMemory at 0xd93b785000 of 6024 bytes failed: Only part of a ReadProcessMemory or WriteProcessMemory request was completed. (0x12B)
[0322/004711.532:ERROR:process_memory_win.cc(73)] ReadMemory at 0xd93b787000 of 6024 bytes failed: Only part of a ReadProcessMemory or WriteProcessMemory request was completed. (0x12B)
[0322/004711.532:ERROR:process_memory_win.cc(73)] ReadMemory at 0xd93b789000 of 6024 bytes failed: Only part of a ReadProcessMemory or WriteProcessMemory request was completed. (0x12B)
[0322/004711.532:ERROR:process_memory_win.cc(73)] ReadMemory at 0xd93b78d000 of 6024 bytes failed: Only part of a ReadProcessMemory or WriteProcessMemory request was completed. (0x12B)
[0322/004711.532:ERROR:process_memory_win.cc(73)] ReadMemory at 0xd93b78f000 of 6024 bytes failed: Only part of a ReadProcessMemory or WriteProcessMemory request was completed. (0x12B)
[0322/004711.532:ERROR:process_memory_win.cc(73)] ReadMemory at 0xd93b791000 of 6024 bytes failed: Only part of a ReadProcessMemory or WriteProcessMemory request was completed. (0x12B)
[0322/004711.532:ERROR:process_memory_win.cc(73)] ReadMemory at 0xd93b793000 of 6024 bytes failed: Only part of a ReadProcessMemory or WriteProcessMemory request was completed. (0x12B)
[0322/004711.532:ERROR:process_memory_win.cc(73)] ReadMemory at 0xd93b799000 of 6024 bytes failed: Only part of a ReadProcessMemory or WriteProcessMemory request was completed. (0x12B)
[0322/004711.532:ERROR:process_memory_win.cc(73)] ReadMemory at 0xd93b7d9000 of 6024 bytes failed: Only part of a ReadProcessMemory or WriteProcessMemory request was completed. (0x12B)
[0322/004711.532:ERROR:process_memory_win.cc(73)] ReadMemory at 0xd93b7db000 of 6024 bytes failed: Only part of a ReadProcessMemory or WriteProcessMemory request was completed. (0x12B)
[0322/004711.532:ERROR:process_memory_win.cc(73)] ReadMemory at 0xd93b7dd000 of 6024 bytes failed: Only part of a ReadProcessMemory or WriteProcessMemory request was completed. (0x12B)
[0322/004711.532:ERROR:process_memory_win.cc(73)] ReadMemory at 0xd93b7df000 of 6024 bytes failed: Only part of a ReadProcessMemory or WriteProcessMemory request was completed. (0x12B)
[0322/004711.532:ERROR:process_memory_win.cc(73)] ReadMemory at 0x27c75ab0750 of 80 bytes failed: Only part of a ReadProcessMemory or WriteProcessMemory request was completed. (0x12B)
[0322/004711.548:ERROR:process_memory_win.cc(73)] ReadMemory at 0x27c75ab0fe0 of 15308 bytes failed: Only part of a ReadProcessMemory or WriteProcessMemory request was completed. (0x12B)
[0322/004711.548:ERROR:process_memory_win.cc(73)] ReadMemory at 0x27c75ab4bc0 of 1012 bytes failed: Only part of a ReadProcessMemory or WriteProcessMemory request was completed. (0x12B)
[0322/004711.548:ERROR:process_memory_win.cc(73)] ReadMemory at 0x27c75ab5208 of 118 bytes failed: Only part of a ReadProcessMemory or WriteProcessMemory request was completed. (0x12B)
[0322/004711.548:ERROR:process_memory_win.cc(73)] ReadMemory at 0x27c75ab5280 of 760 bytes failed: Only part of a ReadProcessMemory or WriteProcessMemory request was completed. (0x12B)
[0322/004711.548:ERROR:process_memory_win.cc(73)] ReadMemory at 0x27c75ab557a of 118 bytes failed: Only part of a ReadProcessMemory or WriteProcessMemory request was completed. (0x12B)
[0322/004711.548:ERROR:process_memory_win.cc(73)] ReadMemory at 0x27c75ab55f2 of 100 bytes failed: Only part of a ReadProcessMemory or WriteProcessMemory request was completed. (0x12B)
[0322/004711.548:ERROR:process_memory_win.cc(73)] ReadMemory at 0x27c75ab5670 of 58 bytes failed: Only part of a ReadProcessMemory or WriteProcessMemory request was completed. (0x12B)
[0322/004711.548:ERROR:process_memory_win.cc(73)] ReadMemory at 0x27c75ab5770 of 132 bytes failed: Only part of a ReadProcessMemory or WriteProcessMemory request was completed. (0x12B)
[0322/004711.548:ERROR:process_memory_win.cc(73)] ReadMemory at 0x27c75ab5900 of 132 bytes failed: Only part of a ReadProcessMemory or WriteProcessMemory request was completed. (0x12B)
[0322/004711.548:ERROR:process_memory_win.cc(73)] ReadMemory at 0x27c75ab5ac0 of 126 bytes failed: Only part of a ReadProcessMemory or WriteProcessMemory request was completed. (0x12B)
[0322/004711.548:ERROR:process_memory_win.cc(73)] ReadMemory at 0x27c75ab5ea0 of 132 bytes failed: Only part of a ReadProcessMemory or WriteProcessMemory request was completed. (0x12B)
[0322/004711.548:ERROR:process_memory_win.cc(73)] ReadMemory at 0x27c75ab6030 of 64 bytes failed: Only part of a ReadProcessMemory or WriteProcessMemory request was completed. (0x12B)
[0322/004711.548:ERROR:process_memory_win.cc(73)] ReadMemory at 0x27c75ab61f0 of 132 bytes failed: Only part of a ReadProcessMemory or WriteProcessMemory request was completed. (0x12B)
[0322/004711.548:ERROR:process_memory_win.cc(73)] ReadMemory at 0x27c75ab6490 of 132 bytes failed: Only part of a ReadProcessMemory or WriteProcessMemory request was completed. (0x12B)
[0322/004711.548:ERROR:process_memory_win.cc(73)] ReadMemory at 0x27c75ab6620 of 68 bytes failed: Only part of a ReadProcessMemory or WriteProcessMemory request was completed. (0x12B)
[0322/004711.548:ERROR:process_memory_win.cc(73)] ReadMemory at 0x27c75ab76f0 of 132 bytes failed: Only part of a ReadProcessMemory or WriteProcessMemory request was completed. (0x12B)
[0322/004711.548:ERROR:process_memory_win.cc(73)] ReadMemory at 0x27c75ab7880 of 154 bytes failed: Only part of a ReadProcessMemory or WriteProcessMemory request was completed. (0x12B)
[0322/004711.548:ERROR:process_memory_win.cc(73)] ReadMemory at 0x27c75ab8690 of 62 bytes failed: Only part of a ReadProcessMemory or WriteProcessMemory request was completed. (0x12B)
[0322/004711.548:ERROR:process_memory_win.cc(73)] ReadMemory at 0x27c75ab8710 of 146 bytes failed: Only part of a ReadProcessMemory or WriteProcessMemory request was completed. (0x12B)
[0322/004711.548:ERROR:process_memory_win.cc(73)] ReadMemory at 0x27c75ab87f0 of 132 bytes failed: Only part of a ReadProcessMemory or WriteProcessMemory request was completed. (0x12B)
[0322/004711.548:ERROR:process_memory_win.cc(73)] ReadMemory at 0x27c75ab8980 of 60 bytes failed: Only part of a ReadProcessMemory or WriteProcessMemory request was completed. (0x12B)
[0322/004711.548:ERROR:process_memory_win.cc(73)] ReadMemory at 0x27c75ab9600 of 132 bytes failed: Only part of a ReadProcessMemory or WriteProcessMemory request was completed. (0x12B)
[0322/004711.548:ERROR:process_memory_win.cc(73)] ReadMemory at 0x27c75ab9730 of 132 bytes failed: Only part of a ReadProcessMemory or WriteProcessMemory request was completed. (0x12B)
[0322/004711.548:ERROR:process_memory_win.cc(73)] ReadMemory at 0x27c75aba390 of 132 bytes failed: Only part of a ReadProcessMemory or WriteProcessMemory request was completed. (0x12B)
[0322/004711.548:ERROR:process_memory_win.cc(73)] ReadMemory at 0x27c75abd290 of 64 bytes failed: Only part of a ReadProcessMemory or WriteProcessMemory request was completed. (0x12B)
[0322/004711.548:ERROR:process_memory_win.cc(73)] ReadMemory at 0x27c75abd380 of 62 bytes failed: Only part of a ReadProcessMemory or WriteProcessMemory request was completed. (0x12B)
[0322/004711.548:ERROR:process_memory_win.cc(73)] ReadMemory at 0x27c75abd3d0 of 64 bytes failed: Only part of a ReadProcessMemory or WriteProcessMemory request was completed. (0x12B)
[0322/004711.548:ERROR:process_memory_win.cc(73)] ReadMemory at 0x27c75abd420 of 64 bytes failed: Only part of a ReadProcessMemory or WriteProcessMemory request was completed. (0x12B)
[0322/004711.548:ERROR:process_memory_win.cc(73)] ReadMemory at 0x27c75abd600 of 62 bytes failed: Only part of a ReadProcessMemory or WriteProcessMemory request was completed. (0x12B)
[0322/004711.548:ERROR:process_memory_win.cc(73)] ReadMemory at 0x27c75abd740 of 60 bytes failed: Only part of a ReadProcessMemory or WriteProcessMemory request was completed. (0x12B)
[0322/004711.548:ERROR:process_memory_win.cc(73)] ReadMemory at 0x27c75abd7e0 of 60 bytes failed: Only part of a ReadProcessMemory or WriteProcessMemory request was completed. (0x12B)
[0322/004711.548:ERROR:process_memory_win.cc(73)] ReadMemory at 0x27c75abd880 of 64 bytes failed: Only part of a ReadProcessMemory or WriteProcessMemory request was completed. (0x12B)
[0322/004711.548:ERROR:process_memory_win.cc(73)] ReadMemory at 0x27c75abd970 of 66 bytes failed: Only part of a ReadProcessMemory or WriteProcessMemory request was completed. (0x12B)
[0322/004711.548:ERROR:process_memory_win.cc(73)] ReadMemory at 0x27c75abdc80 of 76 bytes failed: Only part of a ReadProcessMemory or WriteProcessMemory request was completed. (0x12B)
[0322/004711.548:ERROR:process_memory_win.cc(73)] ReadMemory at 0x27c75abe1c0 of 80 bytes failed: Only part of a ReadProcessMemory or WriteProcessMemory request was completed. (0x12B)
[0322/004711.548:ERROR:process_memory_win.cc(73)] ReadMemory at 0x27c75ac2470 of 54 bytes failed: Only part of a ReadProcessMemory or WriteProcessMemory request was completed. (0x12B)
[0322/004711.548:ERROR:process_memory_win.cc(73)] ReadMemory at 0x27c75ac2ac0 of 132 bytes failed: Only part of a ReadProcessMemory or WriteProcessMemory request was completed. (0x12B)
[0322/004711.548:ERROR:process_memory_win.cc(73)] ReadMemory at 0x27c75ac3190 of 132 bytes failed: Only part of a ReadProcessMemory or WriteProcessMemory request was completed. (0x12B)
[0322/004711.548:ERROR:process_memory_win.cc(73)] ReadMemory at 0x27c75ac32c0 of 132 bytes failed: Only part of a ReadProcessMemory or WriteProcessMemory request was completed. (0x12B)
[0322/004711.548:ERROR:process_memory_win.cc(73)] ReadMemory at 0x27c75ac49e0 of 132 bytes failed: Only part of a ReadProcessMemory or WriteProcessMemory request was completed. (0x12B)
[0322/004711.548:ERROR:process_memory_win.cc(73)] ReadMemory at 0x27c75ac4b10 of 132 bytes failed: Only part of a ReadProcessMemory or WriteProcessMemory request was completed. (0x12B)
[0322/004711.548:ERROR:process_memory_win.cc(73)] ReadMemory at 0x27c75ac4c40 of 132 bytes failed: Only part of a ReadProcessMemory or WriteProcessMemory request was completed. (0x12B)
[0322/004711.548:ERROR:process_memory_win.cc(73)] ReadMemory at 0x27c75ac4d70 of 132 bytes failed: Only part of a ReadProcessMemory or WriteProcessMemory request was completed. (0x12B)
[0322/004711.548:ERROR:process_memory_win.cc(73)] ReadMemory at 0x27c75ac4ea0 of 132 bytes failed: Only part of a ReadProcessMemory or WriteProcessMemory request was completed. (0x12B)
[0322/004711.548:ERROR:process_memory_win.cc(73)] ReadMemory at 0x27c75ac4fd0 of 132 bytes failed: Only part of a ReadProcessMemory or WriteProcessMemory request was completed. (0x12B)
[0322/004711.548:ERROR:process_memory_win.cc(73)] ReadMemory at 0x27c75ac5100 of 132 bytes failed: Only part of a ReadProcessMemory or WriteProcessMemory request was completed. (0x12B)
[0322/004711.548:ERROR:process_memory_win.cc(73)] ReadMemory at 0x27c75ac5230 of 132 bytes failed: Only part of a ReadProcessMemory or WriteProcessMemory request was completed. (0x12B)
[0322/004711.548:ERROR:process_memory_win.cc(73)] ReadMemory at 0x27c75ac5360 of 132 bytes failed: Only part of a ReadProcessMemory or WriteProcessMemory request was completed. (0x12B)
[0322/004711.548:ERROR:process_memory_win.cc(73)] ReadMemory at 0x27c75ac5490 of 132 bytes failed: Only part of a ReadProcessMemory or WriteProcessMemory request was completed. (0x12B)
[0322/004711.548:ERROR:process_memory_win.cc(73)] ReadMemory at 0x27c75ac55c0 of 132 bytes failed: Only part of a ReadProcessMemory or WriteProcessMemory request was completed. (0x12B)
[0322/004711.548:ERROR:process_memory_win.cc(73)] ReadMemory at 0x27c75ac56f0 of 132 bytes failed: Only part of a ReadProcessMemory or WriteProcessMemory request was completed. (0x12B)
[0322/004711.548:ERROR:process_memory_win.cc(73)] ReadMemory at 0x27c75ac6940 of 132 bytes failed: Only part of a ReadProcessMemory or WriteProcessMemory request was completed. (0x12B)
[0322/004711.548:ERROR:process_memory_win.cc(73)] ReadMemory at 0x27c75ac6b60 of 132 bytes failed: Only part of a ReadProcessMemory or WriteProcessMemory request was completed. (0x12B)
[0322/004711.548:ERROR:process_memory_win.cc(73)] ReadMemory at 0x27c75ac8b20 of 132 bytes failed: Only part of a ReadProcessMemory or WriteProcessMemory request was completed. (0x12B)
[0322/004711.548:ERROR:process_memory_win.cc(73)] ReadMemory at 0x27c75ac8e70 of 132 bytes failed: Only part of a ReadProcessMemory or WriteProcessMemory request was completed. (0x12B)
[0322/004711.548:ERROR:process_memory_win.cc(73)] ReadMemory at 0x27c75ac9040 of 60 bytes failed: Only part of a ReadProcessMemory or WriteProcessMemory request was completed. (0x12B)
[0322/004711.548:ERROR:process_memory_win.cc(73)] ReadMemory at 0x27c75ac91d0 of 60 bytes failed: Only part of a ReadProcessMemory or WriteProcessMemory request was completed. (0x12B)
[0322/004711.548:ERROR:process_memory_win.cc(73)] ReadMemory at 0x27c75ac9220 of 62 bytes failed: Only part of a ReadProcessMemory or WriteProcessMemory request was completed. (0x12B)
[0322/004711.548:ERROR:process_memory_win.cc(73)] ReadMemory at 0x27c75ac9270 of 62 bytes failed: Only part of a ReadProcessMemory or WriteProcessMemory request was completed. (0x12B)
[0322/004711.548:ERROR:process_memory_win.cc(73)] ReadMemory at 0x27c75ac9310 of 62 bytes failed: Only part of a ReadProcessMemory or WriteProcessMemory request was completed. (0x12B)
[0322/004711.548:ERROR:process_memory_win.cc(73)] ReadMemory at 0x27c75ac9360 of 62 bytes failed: Only part of a ReadProcessMemory or WriteProcessMemory request was completed. (0x12B)
[0322/004711.548:ERROR:process_memory_win.cc(73)] ReadMemory at 0x27c75ac93b0 of 62 bytes failed: Only part of a ReadProcessMemory or WriteProcessMemory request was completed. (0x12B)
[0322/004711.548:ERROR:process_memory_win.cc(73)] ReadMemory at 0x27c75ac9590 of 62 bytes failed: Only part of a ReadProcessMemory or WriteProcessMemory request was completed. (0x12B)
[0322/004711.548:ERROR:process_memory_win.cc(73)] ReadMemory at 0x27c75ac9720 of 64 bytes failed: Only part of a ReadProcessMemory or WriteProcessMemory request was completed. (0x12B)
[0322/004711.548:ERROR:process_memory_win.cc(73)] ReadMemory at 0x27c75ac9950 of 64 bytes failed: Only part of a ReadProcessMemory or WriteProcessMemory request was completed. (0x12B)
[0322/004711.548:ERROR:process_memory_win.cc(73)] ReadMemory at 0x27c75ac99a0 of 66 bytes failed: Only part of a ReadProcessMemory or WriteProcessMemory request was completed. (0x12B)
[0322/004711.548:ERROR:process_memory_win.cc(73)] ReadMemory at 0x27c75ac99f0 of 58 bytes failed: Only part of a ReadProcessMemory or WriteProcessMemory request was completed. (0x12B)
[0322/004711.548:ERROR:process_memory_win.cc(73)] ReadMemory at 0x27c75ac9a40 of 60 bytes failed: Only part of a ReadProcessMemory or WriteProcessMemory request was completed. (0x12B)
[0322/004711.548:ERROR:process_memory_win.cc(73)] ReadMemory at 0x27c75ac9ae0 of 62 bytes failed: Only part of a ReadProcessMemory or WriteProcessMemory request was completed. (0x12B)
[0322/004711.548:ERROR:process_memory_win.cc(73)] ReadMemory at 0x27c75ac9c20 of 64 bytes failed: Only part of a ReadProcessMemory or WriteProcessMemory request was completed. (0x12B)
[0322/004711.548:ERROR:process_memory_win.cc(73)] ReadMemory at 0x27c75ac9cc0 of 64 bytes failed: Only part of a ReadProcessMemory or WriteProcessMemory request was completed. (0x12B)
[0322/004711.554:ERROR:process_memory_win.cc(73)] ReadMemory at 0x27c75ac9db0 of 60 bytes failed: Only part of a ReadProcessMemory or WriteProcessMemory request was completed. (0x12B)
[0322/004711.554:ERROR:process_memory_win.cc(73)] ReadMemory at 0x27c75ac9e50 of 62 bytes failed: Only part of a ReadProcessMemory or WriteProcessMemory request was completed. (0x12B)
[0322/004711.554:ERROR:process_memory_win.cc(73)] ReadMemory at 0x27c75aca390 of 132 bytes failed: Only part of a ReadProcessMemory or WriteProcessMemory request was completed. (0x12B)
[0322/004711.554:ERROR:process_memory_win.cc(73)] ReadMemory at 0x27c75acaab0 of 132 bytes failed: Only part of a ReadProcessMemory or WriteProcessMemory request was completed. (0x12B)
[0322/004711.554:ERROR:process_memory_win.cc(73)] ReadMemory at 0x27c75acae40 of 132 bytes failed: Only part of a ReadProcessMemory or WriteProcessMemory request was completed. (0x12B)
[0322/004711.554:ERROR:process_memory_win.cc(73)] ReadMemory at 0x27c75acaf70 of 132 bytes failed: Only part of a ReadProcessMemory or WriteProcessMemory request was completed. (0x12B)
[0322/004711.554:ERROR:process_memory_win.cc(73)] ReadMemory at 0x27c75acb0a0 of 132 bytes failed: Only part of a ReadProcessMemory or WriteProcessMemory request was completed. (0x12B)
[0322/004711.554:ERROR:process_memory_win.cc(73)] ReadMemory at 0x27c75acb1d0 of 132 bytes failed: Only part of a ReadProcessMemory or WriteProcessMemory request was completed. (0x12B)
[0322/004711.554:ERROR:process_memory_win.cc(73)] ReadMemory at 0x27c75acb300 of 132 bytes failed: Only part of a ReadProcessMemory or WriteProcessMemory request was completed. (0x12B)
[0322/004711.554:ERROR:process_memory_win.cc(73)] ReadMemory at 0x27c75acb7c0 of 132 bytes failed: Only part of a ReadProcessMemory or WriteProcessMemory request was completed. (0x12B)
[0322/004711.554:ERROR:process_memory_win.cc(73)] ReadMemory at 0x27c75acba20 of 132 bytes failed: Only part of a ReadProcessMemory or WriteProcessMemory request was completed. (0x12B)
[0322/004711.554:ERROR:process_memory_win.cc(73)] ReadMemory at 0x27c75acbb50 of 132 bytes failed: Only part of a ReadProcessMemory or WriteProcessMemory request was completed. (0x12B)
[0322/004711.554:ERROR:process_memory_win.cc(73)] ReadMemory at 0x27c75ae2670 of 512 bytes failed: Only part of a ReadProcessMemory or WriteProcessMemory request was completed. (0x12B)
[0322/004711.554:ERROR:process_memory_win.cc(73)] ReadMemory at 0x27c75ae3410 of 512 bytes failed: Only part of a ReadProcessMemory or WriteProcessMemory request was completed. (0x12B)
[0322/004711.554:ERROR:process_memory_win.cc(73)] ReadMemory at 0x27c75e338d8 of 512 bytes failed: Only part of a ReadProcessMemory or WriteProcessMemory request was completed. (0x12B)
[0322/004711.554:ERROR:process_memory_win.cc(73)] ReadMemory at 0x27c75e34cc0 of 512 bytes failed: Only part of a ReadProcessMemory or WriteProcessMemory request was completed. (0x12B)
[0322/004711.554:ERROR:process_memory_win.cc(73)] ReadMemory at 0x27c75e35bf0 of 512 bytes failed: Only part of a ReadProcessMemory or WriteProcessMemory request was completed. (0x12B)
[0322/004711.554:ERROR:process_memory_win.cc(73)] ReadMemory at 0x27c75e36678 of 512 bytes failed: Only part of a ReadProcessMemory or WriteProcessMemory request was completed. (0x12B)
[0322/004711.554:ERROR:process_memory_win.cc(73)] ReadMemory at 0x27c75e47088 of 512 bytes failed: Only part of a ReadProcessMemory or WriteProcessMemory request was completed. (0x12B)
[0322/004711.554:ERROR:process_memory_win.cc(73)] ReadMemory at 0x27c75e473e8 of 512 bytes failed: Only part of a ReadProcessMemory or WriteProcessMemory request was completed. (0x12B)
[0322/004711.554:ERROR:process_memory_win.cc(73)] ReadMemory at 0x27c75e47aa8 of 512 bytes failed: Only part of a ReadProcessMemory or WriteProcessMemory request was completed. (0x12B)
[0322/004711.554:ERROR:process_memory_win.cc(73)] ReadMemory at 0x27c75e4fec0 of 512 bytes failed: Only part of a ReadProcessMemory or WriteProcessMemory request was completed. (0x12B)
[0322/004711.554:ERROR:process_memory_win.cc(73)] ReadMemory at 0x27c75e54040 of 712 bytes failed: Only part of a ReadProcessMemory or WriteProcessMemory request was completed. (0x12B)
[0322/004711.617:ERROR:process_memory_win.cc(73)] ReadMemory at 0x27c75eb1028 of 512 bytes failed: Only part of a ReadProcessMemory or WriteProcessMemory request was completed. (0x12B)
[0322/004711.617:ERROR:process_memory_win.cc(73)] ReadMemory at 0x27c77cc0000 of 384 bytes failed: Only part of a ReadProcessMemory or WriteProcessMemory request was completed. (0x12B)
[0322/004711.910:ERROR:process_memory_win.cc(73)] ReadMemory at 0x27c77d0caa0 of 512 bytes failed: Only part of a ReadProcessMemory or WriteProcessMemory request was completed. (0x12B)
[0322/004711.910:ERROR:process_memory_win.cc(73)] ReadMemory at 0x27c77e33dd0 of 512 bytes failed: Only part of a ReadProcessMemory or WriteProcessMemory request was completed. (0x12B)
[0322/004711.910:ERROR:process_memory_win.cc(73)] ReadMemory at 0x27c78553d30 of 512 bytes failed: Only part of a ReadProcessMemory or WriteProcessMemory request was completed. (0x12B)
[0322/004711.911:ERROR:process_memory_win.cc(73)] ReadMemory at 0x27c78782620 of 512 bytes failed: Only part of a ReadProcessMemory or WriteProcessMemory request was completed. (0x12B)
[0322/004711.911:ERROR:process_memory_win.cc(73)] ReadMemory at 0x27c78af0b10 of 512 bytes failed: Only part of a ReadProcessMemory or WriteProcessMemory request was completed. (0x12B)
[0322/004711.911:ERROR:process_memory_win.cc(73)] ReadMemory at 0x153a00000000 of 384 bytes failed: Only part of a ReadProcessMemory or WriteProcessMemory request was completed. (0x12B)
[0322/004711.911:ERROR:process_memory_win.cc(73)] ReadMemory at 0x153a0020cdfa of 512 bytes failed: Only part of a ReadProcessMemory or WriteProcessMemory request was completed. (0x12B)
[0322/004711.955:ERROR:process_memory_win.cc(73)] ReadMemory at 0x153a080400e9 of 512 bytes failed: Only part of a ReadProcessMemory or WriteProcessMemory request was completed. (0x12B)
[0322/004711.955:ERROR:process_memory_win.cc(73)] ReadMemory at 0x153a083de675 of 512 bytes failed: Only part of a ReadProcessMemory or WriteProcessMemory request was completed. (0x12B)
[0322/004711.955:ERROR:process_memory_win.cc(73)] ReadMemory at 0x153a0950fe11 of 512 bytes failed: Only part of a ReadProcessMemory or WriteProcessMemory request was completed. (0x12B)
[0322/004711.955:ERROR:process_memory_win.cc(73)] ReadMemory at 0x153a0967b443 of 512 bytes failed: Only part of a ReadProcessMemory or WriteProcessMemory request was completed. (0x12B)
[0322/004711.955:ERROR:process_memory_win.cc(73)] ReadMemory at 0x153a099386c9 of 512 bytes failed: Only part of a ReadProcessMemory or WriteProcessMemory request was completed. (0x12B)
[0322/004712.018:ERROR:process_memory_win.cc(73)] ReadMemory at 0x153a0d9b9481 of 512 bytes failed: Only part of a ReadProcessMemory or WriteProcessMemory request was completed. (0x12B)
[0322/004712.371:ERROR:process_memory_win.cc(73)] ReadMemory at 0x153a0ec0ad19 of 512 bytes failed: Only part of a ReadProcessMemory or WriteProcessMemory request was completed. (0x12B)
[0322/004712.433:ERROR:process_memory_win.cc(73)] ReadMemory at 0x153a0ee439f9 of 512 bytes failed: Only part of a ReadProcessMemory or WriteProcessMemory request was completed. (0x12B)
[0322/004712.433:ERROR:process_memory_win.cc(73)] ReadMemory at 0x153a0f7e1f7d of 512 bytes failed: Only part of a ReadProcessMemory or WriteProcessMemory request was completed. (0x12B)
[0322/004712.472:ERROR:process_memory_win.cc(73)] ReadMemory at 0x7ffda3f79cc0 of 512 bytes failed: Only part of a ReadProcessMemory or WriteProcessMemory request was completed. (0x12B)
[0322/004712.472:ERROR:process_memory_win.cc(73)] ReadMemory at 0x7ffda44f054c of 512 bytes failed: Only part of a ReadProcessMemory or WriteProcessMemory request was completed. (0x12B)
[0322/004712.728:ERROR:process_memory_win.cc(73)] ReadMemory at 0x7ffda857e29a of 512 bytes failed: Only part of a ReadProcessMemory or WriteProcessMemory request was completed. (0x12B)
[0322/004712.729:ERROR:process_memory_win.cc(73)] ReadMemory at 0x7ffda933a320 of 512 bytes failed: Only part of a ReadProcessMemory or WriteProcessMemory request was completed. (0x12B)
[0322/004712.729:ERROR:process_memory_win.cc(73)] ReadMemory at 0x7ffde3457a8d of 512 bytes failed: Only part of a ReadProcessMemory or WriteProcessMemory request was completed. (0x12B)
[0322/004712.729:ERROR:process_memory_win.cc(73)] ReadMemory at 0x7ffde3458285 of 512 bytes failed: Only part of a ReadProcessMemory or WriteProcessMemory request was completed. (0x12B)
[0322/004712.729:ERROR:process_memory_win.cc(73)] ReadMemory at 0x7ffe1d25c0c4 of 672 bytes failed: Only part of a ReadProcessMemory or WriteProcessMemory request was completed. (0x12B)
[0322/004712.729:ERROR:process_memory_win.cc(73)] ReadMemory at 0x7ffe1d25f974 of 608 bytes failed: Only part of a ReadProcessMemory or WriteProcessMemory request was completed. (0x12B)
[0322/004712.729:ERROR:process_memory_win.cc(73)] ReadMemory at 0x7ffe1d2ec428 of 18 bytes failed: Only part of a ReadProcessMemory or WriteProcessMemory request was completed. (0x12B)
[0322/004712.729:ERROR:process_memory_win.cc(73)] ReadMemory at 0x7ffe1d31f4f8 of 40 bytes failed: Only part of a ReadProcessMemory or WriteProcessMemory request was completed. (0x12B)
[0322/004712.730:ERROR:process_memory_win.cc(73)] ReadMemory at 0x7ffe1d31f978 of 48 bytes failed: Only part of a ReadProcessMemory or WriteProcessMemory request was completed. (0x12B)
[0322/004712.730:ERROR:process_memory_win.cc(73)] ReadMemory at 0x7ffe1d3253c0 of 64 bytes failed: Only part of a ReadProcessMemory or WriteProcessMemory request was completed. (0x12B)
[0322/004712.825:ERROR:scoped_process_suspend.cc(40)] NtResumeProcess: An attempt was made to access an exiting process. (0xc000010a)
